2019-06-18 23:27:37  [ main:0 ] - [ DEBUG from org.springframework.context.support.ClassPathXmlApplicationContext ]  Refreshing org.springframework.context.support.ClassPathXmlApplicationContext@701fc37a
2019-06-18 23:27:38  [ main:518 ] - [ DEBUG from org.springframework.context.annotation.ClassPathBeanDefinitionScanner ]  Ignored because not a concrete top-level class: file [/home/yanglei/mystudy/javaWorkSpace/GithubManager/target/classes/cn/edu/cdu/itcast/service/CoursesService.class]
2019-06-18 23:27:38  [ main:519 ] - [ DEBUG from org.springframework.context.annotation.ClassPathBeanDefinitionScanner ]  Ignored because not a concrete top-level class: file [/home/yanglei/mystudy/javaWorkSpace/GithubManager/target/classes/cn/edu/cdu/itcast/service/GradesService.class]
2019-06-18 23:27:38  [ main:520 ] - [ DEBUG from org.springframework.context.annotation.ClassPathBeanDefinitionScanner ]  Ignored because not a concrete top-level class: file [/home/yanglei/mystudy/javaWorkSpace/GithubManager/target/classes/cn/edu/cdu/itcast/service/PageInfService.class]
2019-06-18 23:27:38  [ main:521 ] - [ DEBUG from org.springframework.context.annotation.ClassPathBeanDefinitionScanner ]  Ignored because not a concrete top-level class: file [/home/yanglei/mystudy/javaWorkSpace/GithubManager/target/classes/cn/edu/cdu/itcast/service/TestsService.class]
2019-06-18 23:27:38  [ main:524 ] - [ DEBUG from org.springframework.context.annotation.ClassPathBeanDefinitionScanner ]  Identified candidate component class: file [/home/yanglei/mystudy/javaWorkSpace/GithubManager/target/classes/cn/edu/cdu/itcast/service/impl/CoursesServiceImpl.class]
2019-06-18 23:27:38  [ main:525 ] - [ DEBUG from org.springframework.context.annotation.ClassPathBeanDefinitionScanner ]  Identified candidate component class: file [/home/yanglei/mystudy/javaWorkSpace/GithubManager/target/classes/cn/edu/cdu/itcast/service/impl/GradesServiceImpl.class]
2019-06-18 23:27:38  [ main:527 ] - [ DEBUG from org.springframework.context.annotation.ClassPathBeanDefinitionScanner ]  Identified candidate component class: file [/home/yanglei/mystudy/javaWorkSpace/GithubManager/target/classes/cn/edu/cdu/itcast/service/impl/PageInfServiceImpl.class]
2019-06-18 23:27:38  [ main:528 ] - [ DEBUG from org.springframework.context.annotation.ClassPathBeanDefinitionScanner ]  Identified candidate component class: file [/home/yanglei/mystudy/javaWorkSpace/GithubManager/target/classes/cn/edu/cdu/itcast/service/impl/TestsServiceImpl.class]
2019-06-18 23:27:38  [ main:529 ] - [ DEBUG from org.springframework.context.annotation.ClassPathBeanDefinitionScanner ]  Identified candidate component class: file [/home/yanglei/mystudy/javaWorkSpace/GithubManager/target/classes/cn/edu/cdu/itcast/service/impl/UserInfoServiceImpl.class]
2019-06-18 23:27:38  [ main:555 ] - [ DEBUG from org.springframework.beans.factory.xml.XmlBeanDefinitionReader ]  Loaded 10 bean definitions from file [/home/yanglei/mystudy/javaWorkSpace/GithubManager/target/classes/spring/applicationContext-service.xml]
2019-06-18 23:27:38  [ main:612 ] - [ DEBUG from org.springframework.beans.factory.xml.XmlBeanDefinitionReader ]  Loaded 4 bean definitions from file [/home/yanglei/mystudy/javaWorkSpace/GithubManager/target/classes/spring/applicationContext.xml]
2019-06-18 23:27:38  [ main:658 ] - [ DEBUG from org.springframework.beans.factory.support.DefaultListableBeanFactory ]  Creating shared instance of singleton bean 'org.springframework.context.annotation.internalConfigurationAnnotationProcessor'
2019-06-18 23:27:38  [ main:779 ] - [ DEBUG from org.springframework.beans.factory.support.DefaultListableBeanFactory ]  Creating shared instance of singleton bean 'org.mybatis.spring.mapper.MapperScannerConfigurer#0'
2019-06-18 23:27:38  [ main:842 ] - [ DEBUG from org.mybatis.spring.mapper.ClassPathMapperScanner ]  Identified candidate component class: file [/home/yanglei/mystudy/javaWorkSpace/GithubManager/target/classes/cn/edu/cdu/itcast/mapper/CoursesMapper.class]
2019-06-18 23:27:38  [ main:842 ] - [ DEBUG from org.mybatis.spring.mapper.ClassPathMapperScanner ]  Identified candidate component class: file [/home/yanglei/mystudy/javaWorkSpace/GithubManager/target/classes/cn/edu/cdu/itcast/mapper/GradesMapper.class]
2019-06-18 23:27:38  [ main:843 ] - [ DEBUG from org.mybatis.spring.mapper.ClassPathMapperScanner ]  Identified candidate component class: file [/home/yanglei/mystudy/javaWorkSpace/GithubManager/target/classes/cn/edu/cdu/itcast/mapper/PageDistributeMapper.class]
2019-06-18 23:27:38  [ main:843 ] - [ DEBUG from org.mybatis.spring.mapper.ClassPathMapperScanner ]  Identified candidate component class: file [/home/yanglei/mystudy/javaWorkSpace/GithubManager/target/classes/cn/edu/cdu/itcast/mapper/PageInfMapper.class]
2019-06-18 23:27:38  [ main:844 ] - [ DEBUG from org.mybatis.spring.mapper.ClassPathMapperScanner ]  Identified candidate component class: file [/home/yanglei/mystudy/javaWorkSpace/GithubManager/target/classes/cn/edu/cdu/itcast/mapper/RoleDistributeMapper.class]
2019-06-18 23:27:38  [ main:845 ] - [ DEBUG from org.mybatis.spring.mapper.ClassPathMapperScanner ]  Identified candidate component class: file [/home/yanglei/mystudy/javaWorkSpace/GithubManager/target/classes/cn/edu/cdu/itcast/mapper/RoleInfMapper.class]
2019-06-18 23:27:38  [ main:845 ] - [ DEBUG from org.mybatis.spring.mapper.ClassPathMapperScanner ]  Identified candidate component class: file [/home/yanglei/mystudy/javaWorkSpace/GithubManager/target/classes/cn/edu/cdu/itcast/mapper/StudentDoTestMapper.class]
2019-06-18 23:27:38  [ main:846 ] - [ DEBUG from org.mybatis.spring.mapper.ClassPathMapperScanner ]  Identified candidate component class: file [/home/yanglei/mystudy/javaWorkSpace/GithubManager/target/classes/cn/edu/cdu/itcast/mapper/StudentSelectCourseMapper.class]
2019-06-18 23:27:38  [ main:847 ] - [ DEBUG from org.mybatis.spring.mapper.ClassPathMapperScanner ]  Identified candidate component class: file [/home/yanglei/mystudy/javaWorkSpace/GithubManager/target/classes/cn/edu/cdu/itcast/mapper/TestsMapper.class]
2019-06-18 23:27:38  [ main:847 ] - [ DEBUG from org.mybatis.spring.mapper.ClassPathMapperScanner ]  Identified candidate component class: file [/home/yanglei/mystudy/javaWorkSpace/GithubManager/target/classes/cn/edu/cdu/itcast/mapper/UserInfMapper.class]
2019-06-18 23:27:38  [ main:848 ] - [ DEBUG from org.mybatis.spring.mapper.ClassPathMapperScanner ]  Identified candidate component class: file [/home/yanglei/mystudy/javaWorkSpace/GithubManager/target/classes/cn/edu/cdu/itcast/mapper/UserTypeMapper.class]
2019-06-18 23:27:38  [ main:849 ] - [ DEBUG from org.mybatis.spring.mapper.ClassPathMapperScanner ]  Creating MapperFactoryBean with name 'coursesMapper' and 'cn.edu.cdu.itcast.mapper.CoursesMapper' mapperInterface
2019-06-18 23:27:38  [ main:850 ] - [ DEBUG from org.mybatis.spring.mapper.ClassPathMapperScanner ]  Creating MapperFactoryBean with name 'gradesMapper' and 'cn.edu.cdu.itcast.mapper.GradesMapper' mapperInterface
2019-06-18 23:27:38  [ main:851 ] - [ DEBUG from org.mybatis.spring.mapper.ClassPathMapperScanner ]  Creating MapperFactoryBean with name 'pageDistributeMapper' and 'cn.edu.cdu.itcast.mapper.PageDistributeMapper' mapperInterface
2019-06-18 23:27:38  [ main:851 ] - [ DEBUG from org.mybatis.spring.mapper.ClassPathMapperScanner ]  Creating MapperFactoryBean with name 'pageInfMapper' and 'cn.edu.cdu.itcast.mapper.PageInfMapper' mapperInterface
2019-06-18 23:27:38  [ main:851 ] - [ DEBUG from org.mybatis.spring.mapper.ClassPathMapperScanner ]  Creating MapperFactoryBean with name 'roleDistributeMapper' and 'cn.edu.cdu.itcast.mapper.RoleDistributeMapper' mapperInterface
2019-06-18 23:27:38  [ main:851 ] - [ DEBUG from org.mybatis.spring.mapper.ClassPathMapperScanner ]  Creating MapperFactoryBean with name 'roleInfMapper' and 'cn.edu.cdu.itcast.mapper.RoleInfMapper' mapperInterface
2019-06-18 23:27:38  [ main:851 ] - [ DEBUG from org.mybatis.spring.mapper.ClassPathMapperScanner ]  Creating MapperFactoryBean with name 'studentDoTestMapper' and 'cn.edu.cdu.itcast.mapper.StudentDoTestMapper' mapperInterface
2019-06-18 23:27:38  [ main:851 ] - [ DEBUG from org.mybatis.spring.mapper.ClassPathMapperScanner ]  Creating MapperFactoryBean with name 'studentSelectCourseMapper' and 'cn.edu.cdu.itcast.mapper.StudentSelectCourseMapper' mapperInterface
2019-06-18 23:27:38  [ main:851 ] - [ DEBUG from org.mybatis.spring.mapper.ClassPathMapperScanner ]  Creating MapperFactoryBean with name 'testsMapper' and 'cn.edu.cdu.itcast.mapper.TestsMapper' mapperInterface
2019-06-18 23:27:38  [ main:852 ] - [ DEBUG from org.mybatis.spring.mapper.ClassPathMapperScanner ]  Creating MapperFactoryBean with name 'userInfMapper' and 'cn.edu.cdu.itcast.mapper.UserInfMapper' mapperInterface
2019-06-18 23:27:38  [ main:852 ] - [ DEBUG from org.mybatis.spring.mapper.ClassPathMapperScanner ]  Creating MapperFactoryBean with name 'userTypeMapper' and 'cn.edu.cdu.itcast.mapper.UserTypeMapper' mapperInterface
2019-06-18 23:27:38  [ main:854 ] - [ DEBUG from org.springframework.beans.factory.support.DefaultListableBeanFactory ]  Creating shared instance of singleton bean 'org.springframework.context.support.PropertySourcesPlaceholderConfigurer#0'
2019-06-18 23:27:38  [ main:880 ] - [ DEBUG from org.springframework.core.env.PropertySourcesPropertyResolver ]  Found key 'jdbc.driver' in PropertySource 'localProperties' with value of type String
2019-06-18 23:27:38  [ main:880 ] - [ DEBUG from org.springframework.core.env.PropertySourcesPropertyResolver ]  Found key 'jdbc.url' in PropertySource 'localProperties' with value of type String
2019-06-18 23:27:38  [ main:881 ] - [ DEBUG from org.springframework.core.env.PropertySourcesPropertyResolver ]  Found key 'jdbc.username' in PropertySource 'localProperties' with value of type String
2019-06-18 23:27:38  [ main:881 ] - [ DEBUG from org.springframework.core.env.PropertySourcesPropertyResolver ]  Found key 'jdbc.password' in PropertySource 'localProperties' with value of type String
2019-06-18 23:27:38  [ main:883 ] - [ DEBUG from org.springframework.beans.factory.support.DefaultListableBeanFactory ]  Creating shared instance of singleton bean 'org.springframework.context.event.internalEventListenerProcessor'
2019-06-18 23:27:38  [ main:885 ] - [ DEBUG from org.springframework.beans.factory.support.DefaultListableBeanFactory ]  Creating shared instance of singleton bean 'org.springframework.context.event.internalEventListenerFactory'
2019-06-18 23:27:38  [ main:894 ] - [ DEBUG from org.springframework.beans.factory.support.DefaultListableBeanFactory ]  Creating shared instance of singleton bean 'org.springframework.context.annotation.internalAutowiredAnnotationProcessor'
2019-06-18 23:27:38  [ main:896 ] - [ DEBUG from org.springframework.beans.factory.support.DefaultListableBeanFactory ]  Creating shared instance of singleton bean 'org.springframework.context.annotation.internalCommonAnnotationProcessor'
2019-06-18 23:27:38  [ main:922 ] - [ DEBUG from org.springframework.beans.factory.support.DefaultListableBeanFactory ]  Creating shared instance of singleton bean 'coursesServiceImpl'
2019-06-18 23:27:38  [ main:974 ] - [ DEBUG from org.apache.ibatis.logging.LogFactory ]  Logging initialized using 'class org.apache.ibatis.logging.slf4j.Slf4jImpl' adapter.
2019-06-18 23:27:38  [ main:980 ] - [ DEBUG from org.springframework.beans.factory.support.DefaultListableBeanFactory ]  Creating shared instance of singleton bean 'coursesMapper'
2019-06-18 23:27:38  [ main:1024 ] - [ DEBUG from org.springframework.beans.factory.support.DefaultListableBeanFactory ]  Creating shared instance of singleton bean 'sqlSessionFactory'
2019-06-18 23:27:38  [ main:1030 ] - [ DEBUG from org.springframework.beans.factory.support.DefaultListableBeanFactory ]  Creating shared instance of singleton bean 'dataSource'
2019-06-18 23:27:38  [ main:1325 ] - [ DEBUG from org.apache.ibatis.logging.LogFactory ]  Logging initialized using 'class org.apache.ibatis.logging.log4j.Log4jImpl' adapter.
2019-06-18 23:27:38  [ main:1327 ] - [ DEBUG from org.mybatis.spring.SqlSessionFactoryBean ]  Parsed configuration file: 'class path resource [mybatis/SqlMapConfig.xml]'
2019-06-18 23:27:38  [ main:1336 ] - [ DEBUG from org.mybatis.spring.SqlSessionFactoryBean ]  Property 'mapperLocations' was not specified or no matching resources found
2019-06-18 23:27:39  [ main:1631 ] - [ DEBUG from org.springframework.beans.factory.support.DefaultListableBeanFactory ]  Creating shared instance of singleton bean 'gradesMapper'
2019-06-18 23:27:39  [ main:1739 ] - [ DEBUG from org.springframework.beans.factory.support.DefaultListableBeanFactory ]  Creating shared instance of singleton bean 'pageDistributeMapper'
2019-06-18 23:27:39  [ main:1776 ] - [ DEBUG from org.springframework.beans.factory.support.DefaultListableBeanFactory ]  Creating shared instance of singleton bean 'pageInfMapper'
2019-06-18 23:27:39  [ main:1824 ] - [ DEBUG from org.springframework.beans.factory.support.DefaultListableBeanFactory ]  Creating shared instance of singleton bean 'roleDistributeMapper'
2019-06-18 23:27:39  [ main:1898 ] - [ DEBUG from org.springframework.beans.factory.support.DefaultListableBeanFactory ]  Creating shared instance of singleton bean 'roleInfMapper'
2019-06-18 23:27:39  [ main:1985 ] - [ DEBUG from org.springframework.beans.factory.support.DefaultListableBeanFactory ]  Creating shared instance of singleton bean 'studentDoTestMapper'
2019-06-18 23:27:39  [ main:2039 ] - [ DEBUG from org.springframework.beans.factory.support.DefaultListableBeanFactory ]  Creating shared instance of singleton bean 'studentSelectCourseMapper'
2019-06-18 23:27:39  [ main:2084 ] - [ DEBUG from org.springframework.beans.factory.support.DefaultListableBeanFactory ]  Creating shared instance of singleton bean 'testsMapper'
2019-06-18 23:27:39  [ main:2119 ] - [ DEBUG from org.springframework.beans.factory.support.DefaultListableBeanFactory ]  Creating shared instance of singleton bean 'userInfMapper'
2019-06-18 23:27:39  [ main:2145 ] - [ DEBUG from org.springframework.beans.factory.support.DefaultListableBeanFactory ]  Creating shared instance of singleton bean 'userTypeMapper'
2019-06-18 23:27:39  [ main:2191 ] - [ DEBUG from org.springframework.beans.factory.support.DefaultListableBeanFactory ]  Creating shared instance of singleton bean 'gradesServiceImpl'
2019-06-18 23:27:39  [ main:2200 ] - [ DEBUG from org.springframework.beans.factory.support.DefaultListableBeanFactory ]  Creating shared instance of singleton bean 'pageInfServiceImpl'
2019-06-18 23:27:39  [ main:2202 ] - [ DEBUG from org.springframework.beans.factory.support.DefaultListableBeanFactory ]  Creating shared instance of singleton bean 'testsServiceImpl'
2019-06-18 23:27:39  [ main:2207 ] - [ DEBUG from org.springframework.beans.factory.support.DefaultListableBeanFactory ]  Creating shared instance of singleton bean 'userInfoServiceImpl'
2019-06-18 23:27:39  [ main:2312 ] - [ DEBUG from org.mybatis.spring.SqlSessionUtils ]  Creating a new SqlSession
2019-06-18 23:27:39  [ main:2323 ] - [ DEBUG from org.mybatis.spring.SqlSessionUtils ]  SqlSession [org.apache.ibatis.session.defaults.DefaultSqlSession@64df9a61] was not registered for synchronization because synchronization is not active
2019-06-18 23:27:39  [ main:2339 ] - [ DEBUG from org.springframework.jdbc.datasource.DataSourceUtils ]  Fetching JDBC Connection from DataSource
2019-06-18 23:27:40  [ main:2745 ] - [ DEBUG from org.mybatis.spring.transaction.SpringManagedTransaction ]  JDBC Connection [jdbc:mysql://localhost:3306/dtboot, UserName=root@localhost, MySQL Connector Java] will not be managed by Spring
2019-06-18 23:27:40  [ main:2753 ] - [ DEBUG from cn.edu.cdu.itcast.mapper.GradesMapper.getSmallScores ]  ==>  Preparing: SELECT g.user_info_id as teacher_id, g.`name` as teacher_name, a.user_info_id as student_id,a.`name` as student_name, e.test_id,e.title,f.course_id,f.course_name, d.* from user_inf as a,student_select_course as b, student_do_test as c, grades as d,tests as e,courses as f,user_inf as g WHERE a.user_info_id=b.student_id and b.student_select_course_id=c.student_select_course_id and c.student_do_test_id=d.student_do_test_id and c.test_id=e.test_id and e.course_id=f.course_id and g.user_info_id=f.teacher_id and a.user_info_id=? and f.course_id=? 
2019-06-18 23:27:40  [ main:2796 ] - [ DEBUG from cn.edu.cdu.itcast.mapper.GradesMapper.getSmallScores ]  ==> Parameters: 1(Integer), 5(Integer)
2019-06-18 23:27:40  [ main:2826 ] - [ DEBUG from cn.edu.cdu.itcast.mapper.GradesMapper.getSmallScores ]  <==      Total: 9
2019-06-18 23:27:40  [ main:2827 ] - [ DEBUG from org.mybatis.spring.SqlSessionUtils ]  Closing non transactional SqlSession [org.apache.ibatis.session.defaults.DefaultSqlSession@64df9a61]
2019-06-18 23:27:40  [ main:2828 ] - [ DEBUG from org.springframework.jdbc.datasource.DataSourceUtils ]  Returning JDBC Connection to DataSource
2019-06-18 23:45:07  [ main:0 ] - [ DEBUG from org.springframework.context.support.ClassPathXmlApplicationContext ]  Refreshing org.springframework.context.support.ClassPathXmlApplicationContext@701fc37a
2019-06-18 23:45:08  [ main:584 ] - [ DEBUG from org.springframework.context.annotation.ClassPathBeanDefinitionScanner ]  Ignored because not a concrete top-level class: file [/home/yanglei/mystudy/javaWorkSpace/GithubManager/target/classes/cn/edu/cdu/itcast/service/CoursesService.class]
2019-06-18 23:45:08  [ main:585 ] - [ DEBUG from org.springframework.context.annotation.ClassPathBeanDefinitionScanner ]  Ignored because not a concrete top-level class: file [/home/yanglei/mystudy/javaWorkSpace/GithubManager/target/classes/cn/edu/cdu/itcast/service/GradesService.class]
2019-06-18 23:45:08  [ main:586 ] - [ DEBUG from org.springframework.context.annotation.ClassPathBeanDefinitionScanner ]  Ignored because not a concrete top-level class: file [/home/yanglei/mystudy/javaWorkSpace/GithubManager/target/classes/cn/edu/cdu/itcast/service/PageInfService.class]
2019-06-18 23:45:08  [ main:587 ] - [ DEBUG from org.springframework.context.annotation.ClassPathBeanDefinitionScanner ]  Ignored because not a concrete top-level class: file [/home/yanglei/mystudy/javaWorkSpace/GithubManager/target/classes/cn/edu/cdu/itcast/service/TestsService.class]
2019-06-18 23:45:08  [ main:595 ] - [ DEBUG from org.springframework.context.annotation.ClassPathBeanDefinitionScanner ]  Identified candidate component class: file [/home/yanglei/mystudy/javaWorkSpace/GithubManager/target/classes/cn/edu/cdu/itcast/service/impl/CoursesServiceImpl.class]
2019-06-18 23:45:08  [ main:598 ] - [ DEBUG from org.springframework.context.annotation.ClassPathBeanDefinitionScanner ]  Identified candidate component class: file [/home/yanglei/mystudy/javaWorkSpace/GithubManager/target/classes/cn/edu/cdu/itcast/service/impl/GradesServiceImpl.class]
2019-06-18 23:45:08  [ main:602 ] - [ DEBUG from org.springframework.context.annotation.ClassPathBeanDefinitionScanner ]  Identified candidate component class: file [/home/yanglei/mystudy/javaWorkSpace/GithubManager/target/classes/cn/edu/cdu/itcast/service/impl/PageInfServiceImpl.class]
2019-06-18 23:45:08  [ main:603 ] - [ DEBUG from org.springframework.context.annotation.ClassPathBeanDefinitionScanner ]  Identified candidate component class: file [/home/yanglei/mystudy/javaWorkSpace/GithubManager/target/classes/cn/edu/cdu/itcast/service/impl/TestsServiceImpl.class]
2019-06-18 23:45:08  [ main:605 ] - [ DEBUG from org.springframework.context.annotation.ClassPathBeanDefinitionScanner ]  Identified candidate component class: file [/home/yanglei/mystudy/javaWorkSpace/GithubManager/target/classes/cn/edu/cdu/itcast/service/impl/UserInfoServiceImpl.class]
2019-06-18 23:45:08  [ main:652 ] - [ DEBUG from org.springframework.beans.factory.xml.XmlBeanDefinitionReader ]  Loaded 10 bean definitions from file [/home/yanglei/mystudy/javaWorkSpace/GithubManager/target/classes/spring/applicationContext-service.xml]
2019-06-18 23:45:08  [ main:787 ] - [ DEBUG from org.springframework.beans.factory.xml.XmlBeanDefinitionReader ]  Loaded 4 bean definitions from file [/home/yanglei/mystudy/javaWorkSpace/GithubManager/target/classes/spring/applicationContext.xml]
2019-06-18 23:45:08  [ main:840 ] - [ DEBUG from org.springframework.beans.factory.support.DefaultListableBeanFactory ]  Creating shared instance of singleton bean 'org.springframework.context.annotation.internalConfigurationAnnotationProcessor'
2019-06-18 23:45:08  [ main:1028 ] - [ DEBUG from org.springframework.beans.factory.support.DefaultListableBeanFactory ]  Creating shared instance of singleton bean 'org.mybatis.spring.mapper.MapperScannerConfigurer#0'
2019-06-18 23:45:09  [ main:1154 ] - [ DEBUG from org.mybatis.spring.mapper.ClassPathMapperScanner ]  Identified candidate component class: file [/home/yanglei/mystudy/javaWorkSpace/GithubManager/target/classes/cn/edu/cdu/itcast/mapper/CoursesMapper.class]
2019-06-18 23:45:09  [ main:1154 ] - [ DEBUG from org.mybatis.spring.mapper.ClassPathMapperScanner ]  Identified candidate component class: file [/home/yanglei/mystudy/javaWorkSpace/GithubManager/target/classes/cn/edu/cdu/itcast/mapper/GradesMapper.class]
2019-06-18 23:45:09  [ main:1158 ] - [ DEBUG from org.mybatis.spring.mapper.ClassPathMapperScanner ]  Identified candidate component class: file [/home/yanglei/mystudy/javaWorkSpace/GithubManager/target/classes/cn/edu/cdu/itcast/mapper/PageDistributeMapper.class]
2019-06-18 23:45:09  [ main:1158 ] - [ DEBUG from org.mybatis.spring.mapper.ClassPathMapperScanner ]  Identified candidate component class: file [/home/yanglei/mystudy/javaWorkSpace/GithubManager/target/classes/cn/edu/cdu/itcast/mapper/PageInfMapper.class]
2019-06-18 23:45:09  [ main:1159 ] - [ DEBUG from org.mybatis.spring.mapper.ClassPathMapperScanner ]  Identified candidate component class: file [/home/yanglei/mystudy/javaWorkSpace/GithubManager/target/classes/cn/edu/cdu/itcast/mapper/RoleDistributeMapper.class]
2019-06-18 23:45:09  [ main:1159 ] - [ DEBUG from org.mybatis.spring.mapper.ClassPathMapperScanner ]  Identified candidate component class: file [/home/yanglei/mystudy/javaWorkSpace/GithubManager/target/classes/cn/edu/cdu/itcast/mapper/RoleInfMapper.class]
2019-06-18 23:45:09  [ main:1160 ] - [ DEBUG from org.mybatis.spring.mapper.ClassPathMapperScanner ]  Identified candidate component class: file [/home/yanglei/mystudy/javaWorkSpace/GithubManager/target/classes/cn/edu/cdu/itcast/mapper/StudentDoTestMapper.class]
2019-06-18 23:45:09  [ main:1162 ] - [ DEBUG from org.mybatis.spring.mapper.ClassPathMapperScanner ]  Identified candidate component class: file [/home/yanglei/mystudy/javaWorkSpace/GithubManager/target/classes/cn/edu/cdu/itcast/mapper/StudentSelectCourseMapper.class]
2019-06-18 23:45:09  [ main:1169 ] - [ DEBUG from org.mybatis.spring.mapper.ClassPathMapperScanner ]  Identified candidate component class: file [/home/yanglei/mystudy/javaWorkSpace/GithubManager/target/classes/cn/edu/cdu/itcast/mapper/TestsMapper.class]
2019-06-18 23:45:09  [ main:1169 ] - [ DEBUG from org.mybatis.spring.mapper.ClassPathMapperScanner ]  Identified candidate component class: file [/home/yanglei/mystudy/javaWorkSpace/GithubManager/target/classes/cn/edu/cdu/itcast/mapper/UserInfMapper.class]
2019-06-18 23:45:09  [ main:1170 ] - [ DEBUG from org.mybatis.spring.mapper.ClassPathMapperScanner ]  Identified candidate component class: file [/home/yanglei/mystudy/javaWorkSpace/GithubManager/target/classes/cn/edu/cdu/itcast/mapper/UserTypeMapper.class]
2019-06-18 23:45:09  [ main:1172 ] - [ DEBUG from org.mybatis.spring.mapper.ClassPathMapperScanner ]  Creating MapperFactoryBean with name 'coursesMapper' and 'cn.edu.cdu.itcast.mapper.CoursesMapper' mapperInterface
2019-06-18 23:45:09  [ main:1174 ] - [ DEBUG from org.mybatis.spring.mapper.ClassPathMapperScanner ]  Creating MapperFactoryBean with name 'gradesMapper' and 'cn.edu.cdu.itcast.mapper.GradesMapper' mapperInterface
2019-06-18 23:45:09  [ main:1174 ] - [ DEBUG from org.mybatis.spring.mapper.ClassPathMapperScanner ]  Creating MapperFactoryBean with name 'pageDistributeMapper' and 'cn.edu.cdu.itcast.mapper.PageDistributeMapper' mapperInterface
2019-06-18 23:45:09  [ main:1174 ] - [ DEBUG from org.mybatis.spring.mapper.ClassPathMapperScanner ]  Creating MapperFactoryBean with name 'pageInfMapper' and 'cn.edu.cdu.itcast.mapper.PageInfMapper' mapperInterface
2019-06-18 23:45:09  [ main:1174 ] - [ DEBUG from org.mybatis.spring.mapper.ClassPathMapperScanner ]  Creating MapperFactoryBean with name 'roleDistributeMapper' and 'cn.edu.cdu.itcast.mapper.RoleDistributeMapper' mapperInterface
2019-06-18 23:45:09  [ main:1175 ] - [ DEBUG from org.mybatis.spring.mapper.ClassPathMapperScanner ]  Creating MapperFactoryBean with name 'roleInfMapper' and 'cn.edu.cdu.itcast.mapper.RoleInfMapper' mapperInterface
2019-06-18 23:45:09  [ main:1190 ] - [ DEBUG from org.mybatis.spring.mapper.ClassPathMapperScanner ]  Creating MapperFactoryBean with name 'studentDoTestMapper' and 'cn.edu.cdu.itcast.mapper.StudentDoTestMapper' mapperInterface
2019-06-18 23:45:09  [ main:1191 ] - [ DEBUG from org.mybatis.spring.mapper.ClassPathMapperScanner ]  Creating MapperFactoryBean with name 'studentSelectCourseMapper' and 'cn.edu.cdu.itcast.mapper.StudentSelectCourseMapper' mapperInterface
2019-06-18 23:45:09  [ main:1191 ] - [ DEBUG from org.mybatis.spring.mapper.ClassPathMapperScanner ]  Creating MapperFactoryBean with name 'testsMapper' and 'cn.edu.cdu.itcast.mapper.TestsMapper' mapperInterface
2019-06-18 23:45:09  [ main:1191 ] - [ DEBUG from org.mybatis.spring.mapper.ClassPathMapperScanner ]  Creating MapperFactoryBean with name 'userInfMapper' and 'cn.edu.cdu.itcast.mapper.UserInfMapper' mapperInterface
2019-06-18 23:45:09  [ main:1191 ] - [ DEBUG from org.mybatis.spring.mapper.ClassPathMapperScanner ]  Creating MapperFactoryBean with name 'userTypeMapper' and 'cn.edu.cdu.itcast.mapper.UserTypeMapper' mapperInterface
2019-06-18 23:45:09  [ main:1194 ] - [ DEBUG from org.springframework.beans.factory.support.DefaultListableBeanFactory ]  Creating shared instance of singleton bean 'org.springframework.context.support.PropertySourcesPlaceholderConfigurer#0'
2019-06-18 23:45:09  [ main:1268 ] - [ DEBUG from org.springframework.core.env.PropertySourcesPropertyResolver ]  Found key 'jdbc.driver' in PropertySource 'localProperties' with value of type String
2019-06-18 23:45:09  [ main:1268 ] - [ DEBUG from org.springframework.core.env.PropertySourcesPropertyResolver ]  Found key 'jdbc.url' in PropertySource 'localProperties' with value of type String
2019-06-18 23:45:09  [ main:1269 ] - [ DEBUG from org.springframework.core.env.PropertySourcesPropertyResolver ]  Found key 'jdbc.username' in PropertySource 'localProperties' with value of type String
2019-06-18 23:45:09  [ main:1269 ] - [ DEBUG from org.springframework.core.env.PropertySourcesPropertyResolver ]  Found key 'jdbc.password' in PropertySource 'localProperties' with value of type String
2019-06-18 23:45:09  [ main:1271 ] - [ DEBUG from org.springframework.beans.factory.support.DefaultListableBeanFactory ]  Creating shared instance of singleton bean 'org.springframework.context.event.internalEventListenerProcessor'
2019-06-18 23:45:09  [ main:1282 ] - [ DEBUG from org.springframework.beans.factory.support.DefaultListableBeanFactory ]  Creating shared instance of singleton bean 'org.springframework.context.event.internalEventListenerFactory'
2019-06-18 23:45:09  [ main:1289 ] - [ DEBUG from org.springframework.beans.factory.support.DefaultListableBeanFactory ]  Creating shared instance of singleton bean 'org.springframework.context.annotation.internalAutowiredAnnotationProcessor'
2019-06-18 23:45:09  [ main:1297 ] - [ DEBUG from org.springframework.beans.factory.support.DefaultListableBeanFactory ]  Creating shared instance of singleton bean 'org.springframework.context.annotation.internalCommonAnnotationProcessor'
2019-06-18 23:45:09  [ main:1341 ] - [ DEBUG from org.springframework.beans.factory.support.DefaultListableBeanFactory ]  Creating shared instance of singleton bean 'coursesServiceImpl'
2019-06-18 23:45:09  [ main:1453 ] - [ DEBUG from org.apache.ibatis.logging.LogFactory ]  Logging initialized using 'class org.apache.ibatis.logging.slf4j.Slf4jImpl' adapter.
2019-06-18 23:45:09  [ main:1468 ] - [ DEBUG from org.springframework.beans.factory.support.DefaultListableBeanFactory ]  Creating shared instance of singleton bean 'coursesMapper'
2019-06-18 23:45:09  [ main:1522 ] - [ DEBUG from org.springframework.beans.factory.support.DefaultListableBeanFactory ]  Creating shared instance of singleton bean 'sqlSessionFactory'
2019-06-18 23:45:09  [ main:1524 ] - [ DEBUG from org.springframework.beans.factory.support.DefaultListableBeanFactory ]  Creating shared instance of singleton bean 'dataSource'
2019-06-18 23:45:09  [ main:1834 ] - [ DEBUG from org.apache.ibatis.logging.LogFactory ]  Logging initialized using 'class org.apache.ibatis.logging.log4j.Log4jImpl' adapter.
2019-06-18 23:45:09  [ main:1838 ] - [ DEBUG from org.mybatis.spring.SqlSessionFactoryBean ]  Parsed configuration file: 'class path resource [mybatis/SqlMapConfig.xml]'
2019-06-18 23:45:09  [ main:1839 ] - [ DEBUG from org.mybatis.spring.SqlSessionFactoryBean ]  Property 'mapperLocations' was not specified or no matching resources found
2019-06-18 23:45:10  [ main:2168 ] - [ DEBUG from org.springframework.beans.factory.support.DefaultListableBeanFactory ]  Creating shared instance of singleton bean 'gradesMapper'
2019-06-18 23:45:10  [ main:2298 ] - [ DEBUG from org.springframework.beans.factory.support.DefaultListableBeanFactory ]  Creating shared instance of singleton bean 'pageDistributeMapper'
2019-06-18 23:45:10  [ main:2370 ] - [ DEBUG from org.springframework.beans.factory.support.DefaultListableBeanFactory ]  Creating shared instance of singleton bean 'pageInfMapper'
2019-06-18 23:45:10  [ main:2453 ] - [ DEBUG from org.springframework.beans.factory.support.DefaultListableBeanFactory ]  Creating shared instance of singleton bean 'roleDistributeMapper'
2019-06-18 23:45:10  [ main:2524 ] - [ DEBUG from org.springframework.beans.factory.support.DefaultListableBeanFactory ]  Creating shared instance of singleton bean 'roleInfMapper'
2019-06-18 23:45:10  [ main:2593 ] - [ DEBUG from org.springframework.beans.factory.support.DefaultListableBeanFactory ]  Creating shared instance of singleton bean 'studentDoTestMapper'
2019-06-18 23:45:10  [ main:2633 ] - [ DEBUG from org.springframework.beans.factory.support.DefaultListableBeanFactory ]  Creating shared instance of singleton bean 'studentSelectCourseMapper'
2019-06-18 23:45:10  [ main:2669 ] - [ DEBUG from org.springframework.beans.factory.support.DefaultListableBeanFactory ]  Creating shared instance of singleton bean 'testsMapper'
2019-06-18 23:45:10  [ main:2713 ] - [ DEBUG from org.springframework.beans.factory.support.DefaultListableBeanFactory ]  Creating shared instance of singleton bean 'userInfMapper'
2019-06-18 23:45:10  [ main:2745 ] - [ DEBUG from org.springframework.beans.factory.support.DefaultListableBeanFactory ]  Creating shared instance of singleton bean 'userTypeMapper'
2019-06-18 23:45:10  [ main:2797 ] - [ DEBUG from org.springframework.beans.factory.support.DefaultListableBeanFactory ]  Creating shared instance of singleton bean 'gradesServiceImpl'
2019-06-18 23:45:10  [ main:2823 ] - [ DEBUG from org.springframework.beans.factory.support.DefaultListableBeanFactory ]  Creating shared instance of singleton bean 'pageInfServiceImpl'
2019-06-18 23:45:10  [ main:2831 ] - [ DEBUG from org.springframework.beans.factory.support.DefaultListableBeanFactory ]  Creating shared instance of singleton bean 'testsServiceImpl'
2019-06-18 23:45:10  [ main:2836 ] - [ DEBUG from org.springframework.beans.factory.support.DefaultListableBeanFactory ]  Creating shared instance of singleton bean 'userInfoServiceImpl'
2019-06-18 23:45:10  [ main:2963 ] - [ DEBUG from org.mybatis.spring.SqlSessionUtils ]  Creating a new SqlSession
2019-06-18 23:45:10  [ main:2976 ] - [ DEBUG from org.mybatis.spring.SqlSessionUtils ]  SqlSession [org.apache.ibatis.session.defaults.DefaultSqlSession@64df9a61] was not registered for synchronization because synchronization is not active
2019-06-18 23:45:10  [ main:2992 ] - [ DEBUG from org.springframework.jdbc.datasource.DataSourceUtils ]  Fetching JDBC Connection from DataSource
2019-06-18 23:45:11  [ main:3589 ] - [ DEBUG from org.mybatis.spring.transaction.SpringManagedTransaction ]  JDBC Connection [jdbc:mysql://localhost:3306/dtboot, UserName=root@localhost, MySQL Connector Java] will not be managed by Spring
2019-06-18 23:45:11  [ main:3616 ] - [ DEBUG from cn.edu.cdu.itcast.mapper.GradesMapper.getSmallScores ]  ==>  Preparing: SELECT g.user_info_id as teacher_id, g.`name` as teacher_name, a.user_info_id as student_id,a.`name` as student_name, e.test_id,e.title,f.course_id,f.course_name, d.* from user_inf as a,student_select_course as b, student_do_test as c, grades as d,tests as e,courses as f,user_inf as g WHERE a.user_info_id=b.student_id and b.student_select_course_id=c.student_select_course_id and c.student_do_test_id=d.student_do_test_id and c.test_id=e.test_id and e.course_id=f.course_id and g.user_info_id=f.teacher_id and a.user_info_id=? and f.course_id=? 
2019-06-18 23:45:11  [ main:3709 ] - [ DEBUG from cn.edu.cdu.itcast.mapper.GradesMapper.getSmallScores ]  ==> Parameters: 1(Integer), 5(Integer)
2019-06-18 23:45:11  [ main:3751 ] - [ DEBUG from cn.edu.cdu.itcast.mapper.GradesMapper.getSmallScores ]  <==      Total: 9
2019-06-18 23:45:11  [ main:3753 ] - [ DEBUG from org.mybatis.spring.SqlSessionUtils ]  Closing non transactional SqlSession [org.apache.ibatis.session.defaults.DefaultSqlSession@64df9a61]
2019-06-18 23:45:11  [ main:3753 ] - [ DEBUG from org.springframework.jdbc.datasource.DataSourceUtils ]  Returning JDBC Connection to DataSource
